      Step     Time          Energy          fmax
BFGS:    0 14:56:40    -1171.728085        3.547034
BFGS:    1 14:56:45    -1175.747434        1.636967
BFGS:    2 14:56:50    -1176.502728        0.664830
BFGS:    3 14:56:55    -1177.097852        0.361032
BFGS:    4 14:56:59    -1177.208524        0.246797
BFGS:    5 14:57:04    -1177.298123        0.176233
BFGS:    6 14:57:09    -1177.321301        0.129747
BFGS:    7 14:57:14    -1177.337995        0.078748
BFGS:    8 14:57:19    -1177.345548        0.060309
BFGS:    9 14:57:25    -1177.352353        0.062556
BFGS:   10 14:57:33    -1177.356702        0.054623
BFGS:   11 14:57:41    -1177.361234        0.068034
BFGS:   12 14:57:48    -1177.367459        0.073382
BFGS:   13 14:57:56    -1177.375012        0.061043
BFGS:   14 14:58:04    -1177.381452        0.061304
BFGS:   15 14:58:11    -1177.386792        0.061190
BFGS:   16 14:58:19    -1177.392835        0.071743
BFGS:   17 14:58:27    -1177.399106        0.067111
BFGS:   18 14:58:34    -1177.403867        0.045073
BFGS:   19 14:58:43    -1177.405820        0.025596
BFGS:   20 14:58:51    -1177.406918        0.029553
BFGS:   21 14:58:59    -1177.408002        0.037037
BFGS:   22 14:59:07    -1177.409039        0.026240
BFGS:   23 14:59:14    -1177.409558        0.017539
BFGS:   24 14:59:22    -1177.409833        0.015669
BFGS:   25 14:59:30    -1177.410199        0.018322
BFGS:   26 14:59:39    -1177.410596        0.021956
BFGS:   27 14:59:46    -1177.411099        0.015778
BFGS:   28 14:59:54    -1177.411389        0.014620
BFGS:   29 15:00:02    -1177.411679        0.013962
BFGS:   30 15:00:10    -1177.412122        0.018367
BFGS:   31 15:00:16    -1177.412488        0.020565
BFGS:   32 15:00:24    -1177.412961        0.014103
BFGS:   33 15:00:31    -1177.413220        0.012194
BFGS:   34 15:07:04    -1177.413480        0.013068
BFGS:   35 15:07:09    -1177.413724        0.015818
BFGS:   36 15:07:14    -1177.413953        0.014965
BFGS:   37 15:07:19    -1177.414227        0.012820
BFGS:   38 15:07:24    -1177.414380        0.013970
BFGS:   39 15:07:29    -1177.414655        0.013660
BFGS:   40 15:07:35    -1177.414960        0.015562
BFGS:   41 15:07:42    -1177.415082        0.012035
BFGS:   42 15:07:50    -1177.415311        0.009739
      Step     Time          Energy          fmax
BFGS:    0 15:41:27    -1171.728085        3.547034
BFGS:    1 15:41:30    -1175.747418        1.636966
BFGS:    2 15:41:33    -1176.502744        0.664830
BFGS:    3 15:41:36    -1177.097852        0.361065
BFGS:    4 15:41:39    -1177.208524        0.246796
BFGS:    5 15:41:42    -1177.298108        0.176213
BFGS:    6 15:41:45    -1177.321301        0.129751
BFGS:    7 15:41:48    -1177.337949        0.078735
BFGS:    8 15:41:51    -1177.345563        0.060308
BFGS:    9 15:41:54    -1177.352323        0.062571
BFGS:   10 15:41:57    -1177.356763        0.054623
BFGS:   11 15:42:00    -1177.361203        0.068034
BFGS:   12 15:42:03    -1177.367505        0.073388
BFGS:   13 15:42:06    -1177.374982        0.061033
BFGS:   14 15:42:09    -1177.381482        0.061307
BFGS:   15 15:42:12    -1177.386746        0.061179
BFGS:   16 15:42:15    -1177.392804        0.071748
BFGS:   17 15:42:18    -1177.399182        0.067115
BFGS:   18 15:42:21    -1177.403836        0.045056
BFGS:   19 15:42:24    -1177.405866        0.025624
BFGS:   20 15:42:27    -1177.406918        0.029560
BFGS:   21 15:42:30    -1177.408002        0.036960
BFGS:   22 15:42:33    -1177.408978        0.026245
BFGS:   23 15:42:36    -1177.409635        0.017269
BFGS:   24 15:42:39    -1177.409818        0.015434
BFGS:   25 15:42:42    -1177.410184        0.018272
BFGS:   26 15:42:45    -1177.410626        0.022132
BFGS:   27 15:42:48    -1177.411069        0.015728
BFGS:   28 15:42:51    -1177.411450        0.014520
BFGS:   29 15:42:54    -1177.411679        0.013885
BFGS:   30 15:42:57    -1177.412091        0.018361
BFGS:   31 15:43:00    -1177.412549        0.020414
BFGS:   32 15:43:03    -1177.412961        0.014084
BFGS:   33 15:43:06    -1177.413175        0.012181
BFGS:   34 15:43:09    -1177.413480        0.012899
BFGS:   35 15:43:12    -1177.413709        0.015831
BFGS:   36 15:43:15    -1177.413938        0.014973
BFGS:   37 15:43:18    -1177.414227        0.012844
BFGS:   38 15:43:21    -1177.414380        0.014003
BFGS:   39 15:43:24    -1177.414670        0.013691
BFGS:   40 15:43:27    -1177.414899        0.015586
BFGS:   41 15:43:30    -1177.415158        0.012102
BFGS:   42 15:43:33    -1177.415341        0.009728
      Step     Time          Energy          fmax
BFGS:    0 20:08:09    -1171.728085        3.547033
BFGS:    1 20:08:12    -1175.747418        1.636966
BFGS:    2 20:08:15    -1176.502759        0.664829
BFGS:    3 20:08:18    -1177.097852        0.361033
BFGS:    4 20:08:21    -1177.208508        0.246798
BFGS:    5 20:08:24    -1177.298093        0.176213
BFGS:    6 20:08:27    -1177.321301        0.129733
BFGS:    7 20:08:30    -1177.337995        0.078739
BFGS:    8 20:08:33    -1177.345548        0.060310
BFGS:    9 20:08:36    -1177.352384        0.062554
BFGS:   10 20:08:39    -1177.356717        0.054657
BFGS:   11 20:08:43    -1177.361234        0.068027
BFGS:   12 20:08:46    -1177.367490        0.073414
BFGS:   13 20:08:49    -1177.375012        0.061039
BFGS:   14 20:08:53    -1177.381513        0.061300
BFGS:   15 20:08:58    -1177.386792        0.061204
BFGS:   16 20:09:01    -1177.392804        0.071796
BFGS:   17 20:09:04    -1177.399137        0.067105
BFGS:   18 20:09:07    -1177.403821        0.045084
BFGS:   19 20:09:10    -1177.405835        0.025473
BFGS:   20 20:09:13    -1177.406949        0.029518
BFGS:   21 20:09:17    -1177.408017        0.036930
BFGS:   22 20:09:22    -1177.409009        0.026186
BFGS:   23 20:09:28    -1177.409635        0.017490
BFGS:   24 20:09:32    -1177.409848        0.015354
BFGS:   25 20:09:37    -1177.410214        0.018328
BFGS:   26 20:09:41    -1177.410611        0.022132
BFGS:   27 20:09:48    -1177.411099        0.016072
BFGS:   28 20:09:55    -1177.411435        0.014794
BFGS:   29 20:10:01    -1177.411694        0.013921
BFGS:   30 20:10:03    -1177.412076        0.018392
BFGS:   31 20:10:07    -1177.412564        0.020584
BFGS:   32 20:10:10    -1177.412900        0.014137
BFGS:   33 20:10:15    -1177.413236        0.012187
BFGS:   34 20:10:20    -1177.413465        0.012957
BFGS:   35 20:10:25    -1177.413693        0.015881
BFGS:   36 20:10:30    -1177.413999        0.014963
BFGS:   37 20:10:33    -1177.414227        0.012834
BFGS:   38 20:10:37    -1177.414350        0.013984
BFGS:   39 20:10:40    -1177.414639        0.013678
BFGS:   40 20:10:43    -1177.414899        0.015486
BFGS:   41 20:10:47    -1177.415128        0.012017
BFGS:   42 20:10:50    -1177.415311        0.009743
      Step     Time          Energy          fmax
BFGS:    0 20:13:39    -1171.728085        3.547034
BFGS:    1 20:13:42    -1175.747418        1.636966
BFGS:    2 20:13:45    -1176.502713        0.664830
BFGS:    3 20:13:48    -1177.097852        0.361065
BFGS:    4 20:13:51    -1177.208524        0.246798
BFGS:    5 20:13:54    -1177.298123        0.176232
BFGS:    6 20:13:57    -1177.321301        0.129736
BFGS:    7 20:14:00    -1177.337979        0.078741
BFGS:    8 20:14:02    -1177.345578        0.060306
BFGS:    9 20:14:05    -1177.352368        0.062525
BFGS:   10 20:14:08    -1177.356732        0.054652
BFGS:   11 20:14:11    -1177.361234        0.068023
BFGS:   12 20:14:14    -1177.367490        0.073389
BFGS:   13 20:14:17    -1177.374967        0.061023
BFGS:   14 20:14:20    -1177.381467        0.061299
BFGS:   15 20:14:23    -1177.386823        0.061203
BFGS:   16 20:14:27    -1177.392850        0.071780
BFGS:   17 20:14:32    -1177.399167        0.067107
BFGS:   18 20:14:43    -1177.403851        0.045076
BFGS:   19 20:14:53    -1177.405850        0.025539
BFGS:   20 20:15:04    -1177.406888        0.029490
BFGS:   21 20:15:15    -1177.408032        0.037020
BFGS:   22 20:15:26    -1177.409039        0.026187
BFGS:   23 20:15:37    -1177.409604        0.017229
BFGS:   24 20:15:48    -1177.409833        0.015674
BFGS:   25 20:15:59    -1177.410199        0.018219
BFGS:   26 20:16:10    -1177.410596        0.021990
BFGS:   27 20:16:21    -1177.411099        0.015696
BFGS:   28 20:16:28    -1177.411435        0.015752
BFGS:   29 20:16:32    -1177.411725        0.014088
BFGS:   30 20:16:36    -1177.412122        0.018446
BFGS:   31 20:16:41    -1177.412488        0.020424
BFGS:   32 20:16:45    -1177.412915        0.014166
BFGS:   33 20:16:50    -1177.413251        0.012178
BFGS:   34 20:16:56    -1177.413449        0.012879
BFGS:   35 20:17:01    -1177.413709        0.015904
BFGS:   36 20:17:05    -1177.413953        0.014987
BFGS:   37 20:17:09    -1177.414227        0.012838
BFGS:   38 20:17:14    -1177.414411        0.014022
BFGS:   39 20:17:18    -1177.414670        0.013693
BFGS:   40 20:17:23    -1177.414914        0.015591
BFGS:   41 20:17:27    -1177.415128        0.012112
BFGS:   42 20:17:32    -1177.415341        0.009741
      Step     Time          Energy          fmax
BFGS:    0 11:08:23    -1171.728085        3.547034
BFGS:    1 11:08:26    -1175.747418        1.636966
BFGS:    2 11:08:29    -1176.502744        0.664829
BFGS:    3 11:08:32    -1177.097867        0.361036
BFGS:    4 11:08:35    -1177.208524        0.246798
BFGS:    5 11:08:38    -1177.298108        0.176213
BFGS:    6 11:08:42    -1177.321317        0.129737
BFGS:    7 11:08:52    -1177.337964        0.078752
BFGS:    8 11:09:03    -1177.345578        0.060314
BFGS:    9 11:09:15    -1177.352368        0.062552
BFGS:   10 11:09:26    -1177.356748        0.054620
BFGS:   11 11:09:37    -1177.361234        0.068017
BFGS:   12 11:09:48    -1177.367520        0.073396
BFGS:   13 11:09:59    -1177.374967        0.061041
BFGS:   14 11:10:09    -1177.381482        0.061308
BFGS:   15 11:10:16    -1177.386823        0.061184
BFGS:   16 11:10:18    -1177.392789        0.071769
BFGS:   17 11:10:22    -1177.399167        0.067089
BFGS:   18 11:10:25    -1177.403806        0.045071
BFGS:   19 11:10:27    -1177.405911        0.025523
BFGS:   20 11:10:38    -1177.406934        0.029543
BFGS:   21 11:10:48    -1177.408032        0.036993
BFGS:   22 11:10:58    -1177.409039        0.026236
BFGS:   23 11:11:08    -1177.409528        0.017967
BFGS:   24 11:11:19    -1177.409863        0.015304
BFGS:   25 11:11:29    -1177.410169        0.018285
BFGS:   26 11:11:39    -1177.410581        0.021996
BFGS:   27 11:11:50    -1177.411038        0.015634
BFGS:   28 11:12:00    -1177.411389        0.014487
BFGS:   29 11:12:11    -1177.411664        0.013867
BFGS:   30 11:12:21    -1177.412061        0.018370
BFGS:   31 11:12:32    -1177.412534        0.020526
BFGS:   32 11:12:35    -1177.412946        0.014006
BFGS:   33 11:12:39    -1177.413205        0.012220
BFGS:   34 11:12:43    -1177.413403        0.012763
BFGS:   35 11:12:48    -1177.413739        0.015759
BFGS:   36 11:12:52    -1177.413892        0.014903
BFGS:   37 11:12:57    -1177.414258        0.012843
BFGS:   38 11:13:01    -1177.414380        0.013987
BFGS:   39 11:13:04    -1177.414685        0.013644
BFGS:   40 11:13:13    -1177.414884        0.015506
BFGS:   41 11:13:26    -1177.415158        0.011981
BFGS:   42 11:13:37    -1177.415280        0.009741
